<?xml version="1.0" encoding="UTF-8"?>
<!-- Generated by org.testng.reporters.JUnitXMLReporter -->
<testsuite hostname="MacBook-Pro-de-Michaux.local" name="Command line test" tests="24" failures="0" timestamp="20 Dec 2012 14:25:57 GMT" time="0.367" errors="0">
  <testcase name="boxing" time="0.196" classname="humanize.time.joda.TestHumanizeMessage"/>
  <testcase name="dateTime" time="0.089" classname="humanize.time.joda.TestHumanizeMessage"/>
  <testcase name="dateTime" time="0.091" classname="humanize.time.joda.TestHumanizeMessage"/>
  <testcase name="dateTime" time="0.091" classname="humanize.time.joda.TestHumanizeMessage"/>
  <testcase name="dateTime" time="0.091" classname="humanize.time.joda.TestHumanizeMessage"/>
  <testcase name="dateTime" time="0.093" classname="humanize.time.joda.TestHumanizeMessage"/>
  <testcase name="dateTime" time="0.09" classname="humanize.time.joda.TestHumanizeMessage"/>
  <testcase name="dateTime" time="0.094" classname="humanize.time.joda.TestHumanizeMessage"/>
  <testcase name="dateTime" time="0.093" classname="humanize.time.joda.TestHumanizeMessage"/>
  <testcase name="dateTime" time="0.092" classname="humanize.time.joda.TestHumanizeMessage"/>
  <testcase name="dateTime" time="0.092" classname="humanize.time.joda.TestHumanizeMessage"/>
  <testcase name="period" time="0.014" classname="humanize.time.joda.TestHumanizeMessage"/>
  <testcase name="period" time="0.012" classname="humanize.time.joda.TestHumanizeMessage"/>
  <testcase name="period" time="0.012" classname="humanize.time.joda.TestHumanizeMessage"/>
  <testcase name="period" time="0.012" classname="humanize.time.joda.TestHumanizeMessage"/>
  <testcase name="period" time="0.013" classname="humanize.time.joda.TestHumanizeMessage"/>
  <testcase name="period" time="0.014" classname="humanize.time.joda.TestHumanizeMessage"/>
  <testcase name="period" time="0.013" classname="humanize.time.joda.TestHumanizeMessage"/>
  <testcase name="period" time="0.013" classname="humanize.time.joda.TestHumanizeMessage"/>
  <testcase name="period" time="0.014" classname="humanize.time.joda.TestHumanizeMessage"/>
  <testcase name="period" time="0.014" classname="humanize.time.joda.TestHumanizeMessage"/>
  <testcase name="dateFormat" time="0.0020" classname="humanize.time.joda.TestJodaTime"/>
  <testcase name="periodFormat" time="0.0030" classname="humanize.time.joda.TestJodaTime"/>
  <testcase name="instance" time="0.018" classname="humanize.time.joda.TestJodaTimeFormat"/>
</testsuite> <!-- Command line test -->
