<?xml version="1.0" encoding="UTF-8" ?>
<testsuite failures="0" time="0.774" errors="0" skipped="0" tests="24" name="TestSuite">
  <properties>
[...]
</properties>
  <testcase time="0.197" classname="humanize.time.joda.TestHumanizeMessage" name="boxing"/>
  <testcase time="0.089" classname="humanize.time.joda.TestHumanizeMessage" name="dateTime"/>
  <testcase time="0.089" classname="humanize.time.joda.TestHumanizeMessage" name="dateTime"/>
  <testcase time="0.09" classname="humanize.time.joda.TestHumanizeMessage" name="dateTime"/>
  <testcase time="0.09" classname="humanize.time.joda.TestHumanizeMessage" name="dateTime"/>
  <testcase time="0.09" classname="humanize.time.joda.TestHumanizeMessage" name="dateTime"/>
  <testcase time="0.09" classname="humanize.time.joda.TestHumanizeMessage" name="dateTime"/>
  <testcase time="0.091" classname="humanize.time.joda.TestHumanizeMessage" name="dateTime"/>
  <testcase time="0.091" classname="humanize.time.joda.TestHumanizeMessage" name="dateTime"/>
  <testcase time="0.092" classname="humanize.time.joda.TestHumanizeMessage" name="dateTime"/>
  <testcase time="0.092" classname="humanize.time.joda.TestHumanizeMessage" name="dateTime"/>
  <testcase time="0.011" classname="humanize.time.joda.TestHumanizeMessage" name="period"/>
  <testcase time="0.011" classname="humanize.time.joda.TestHumanizeMessage" name="period"/>
  <testcase time="0.011" classname="humanize.time.joda.TestHumanizeMessage" name="period"/>
  <testcase time="0.011" classname="humanize.time.joda.TestHumanizeMessage" name="period"/>
  <testcase time="0.012" classname="humanize.time.joda.TestHumanizeMessage" name="period"/>
  <testcase time="0.012" classname="humanize.time.joda.TestHumanizeMessage" name="period"/>
  <testcase time="0.012" classname="humanize.time.joda.TestHumanizeMessage" name="period"/>
  <testcase time="0.012" classname="humanize.time.joda.TestHumanizeMessage" name="period"/>
  <testcase time="0.013" classname="humanize.time.joda.TestHumanizeMessage" name="period"/>
  <testcase time="0.013" classname="humanize.time.joda.TestHumanizeMessage" name="period"/>
  <testcase time="0.002" classname="humanize.time.joda.TestJodaTime" name="dateFormat"/>
  <testcase time="0.003" classname="humanize.time.joda.TestJodaTime" name="periodFormat"/>
  <testcase time="0.018" classname="humanize.time.joda.TestJodaTimeFormat" name="instance"/>
</testsuite>