<?xml version="1.0" encoding="UTF-8"?>
<testng-results skipped="0" failed="0" total="24" passed="24">
  <reporter-output>
  </reporter-output>
  <suite name="Command line suite" duration-ms="367" started-at="2012-12-20T15:25:56Z" finished-at="2012-12-20T15:25:57Z">
    <groups>
    </groups>
    <test name="Command line test" duration-ms="367" started-at="2012-12-20T15:25:56Z" finished-at="2012-12-20T15:25:57Z">
      <class name="humanize.time.joda.TestJodaTimeFormat">
        <test-method status="PASS" signature="instance()[pri:0, instance:humanize.time.joda.TestJodaTimeFormat@16290fbc]" name="instance" duration-ms="18" started-at="2012-12-20T15:25:57Z" finished-at="2012-12-20T15:25:57Z">
        </test-method> <!-- instance -->
      </class> <!-- humanize.time.joda.TestJodaTimeFormat -->
      <class name="humanize.time.joda.TestJodaTime">
        <test-method status="PASS" signature="dateFormat()[pri:0, instance:humanize.time.joda.TestJodaTime@3f6dadf9]" name="dateFormat" duration-ms="2" started-at="2012-12-20T15:25:57Z" finished-at="2012-12-20T15:25:57Z">
        </test-method> <!-- dateFormat -->
        <test-method status="PASS" signature="periodFormat()[pri:0, instance:humanize.time.joda.TestJodaTime@3f6dadf9]" name="periodFormat" duration-ms="3" started-at="2012-12-20T15:25:57Z" finished-at="2012-12-20T15:25:57Z">
        </test-method> <!-- periodFormat -->
      </class> <!-- humanize.time.joda.TestJodaTime -->
      <class name="humanize.time.joda.TestHumanizeMessage">
        <test-method status="PASS" signature="setUp()[pri:0, instance:humanize.time.joda.TestHumanizeMessage@39b8d6f7]" name="setUp" is-config="true" duration-ms="8" started-at="2012-12-20T15:25:56Z" finished-at="2012-12-20T15:25:56Z">
        </test-method> <!-- setUp -->
        <test-method status="PASS" signature="boxing()[pri:0, instance:humanize.time.joda.TestHumanizeMessage@39b8d6f7]" name="boxing" duration-ms="196" started-at="2012-12-20T15:25:56Z" finished-at="2012-12-20T15:25:57Z">
          <exception class="java.lang.ClassCastException">
            <message>
              <![CDATA[java.lang.String cannot be cast to org.joda.time.Period]]>
            </message>
            <full-stacktrace>
              <![CDATA[java.lang.ClassCastException: java.lang.String cannot be cast to org.joda.time.Period
	at humanize.time.joda.JodaTimeFormatProvider$JodaPeriodFormat.format(JodaTimeFormatProvider.java:149)
	at java.text.Format.format(Format.java:140)
	at java.text.MessageFormat.subformat(MessageFormat.java:1288)
	at java.text.MessageFormat.format(MessageFormat.java:836)
	at java.text.Format.format(Format.java:140)
	at humanize.spi.MessageFormat.render(MessageFormat.java:83)
	at humanize.Humanize.format(Humanize.java:594)
	at humanize.time.joda.TestHumanizeMessage.boxing(TestHumanizeMessage.java:22)
	at sun.reflect.NativeMethodAccessorImpl.invoke0(Native Method)
	at sun.reflect.NativeMethodAccessorImpl.invoke(NativeMethodAccessorImpl.java:39)
	at sun.reflect.DelegatingMethodAccessorImpl.invoke(DelegatingMethodAccessorImpl.java:25)
	at java.lang.reflect.Method.invoke(Method.java:597)
	at org.testng.internal.MethodInvocationHelper.invokeMethod(MethodInvocationHelper.java:80)
	at org.testng.internal.Invoker.invokeMethod(Invoker.java:702)
	at org.testng.internal.Invoker.invokeTestMethod(Invoker.java:894)
	at org.testng.internal.Invoker.invokeTestMethods(Invoker.java:1219)
	at org.testng.internal.TestMethodWorker.invokeTestMethods(TestMethodWorker.java:127)
	at org.testng.internal.TestMethodWorker.run(TestMethodWorker.java:111)
	at org.testng.TestRunner.privateRun(TestRunner.java:768)
	at org.testng.TestRunner.run(TestRunner.java:617)
	at org.testng.SuiteRunner.runTest(SuiteRunner.java:334)
	at org.testng.SuiteRunner.runSequentially(SuiteRunner.java:329)
	at org.testng.SuiteRunner.privateRun(SuiteRunner.java:291)
	at org.testng.SuiteRunner.run(SuiteRunner.java:240)
	at org.testng.SuiteRunnerWorker.runSuite(SuiteRunnerWorker.java:53)
	at org.testng.SuiteRunnerWorker.run(SuiteRunnerWorker.java:87)
	at org.testng.TestNG.runSuitesSequentially(TestNG.java:1188)
	at org.testng.TestNG.runSuitesLocally(TestNG.java:1113)
	at org.testng.TestNG.run(TestNG.java:1025)
	at org.apache.maven.surefire.testng.TestNGExecutor.run(TestNGExecutor.java:62)
	at org.apache.maven.surefire.testng.TestNGDirectoryTestSuite.execute(TestNGDirectoryTestSuite.java:141)
	at org.apache.maven.surefire.Surefire.run(Surefire.java:177)
	at sun.reflect.NativeMethodAccessorImpl.invoke0(Native Method)
	at sun.reflect.NativeMethodAccessorImpl.invoke(NativeMethodAccessorImpl.java:39)
	at sun.reflect.DelegatingMethodAccessorImpl.invoke(DelegatingMethodAccessorImpl.java:25)
	at java.lang.reflect.Method.invoke(Method.java:597)
	at org.apache.maven.surefire.booter.SurefireBooter.runSuitesInProcess(SurefireBooter.java:345)
	at org.apache.maven.surefire.booter.SurefireBooter.main(SurefireBooter.java:1009)
]]>
            </full-stacktrace>
          </exception> <!-- java.lang.ClassCastException -->
        </test-method> <!-- boxing -->
        <test-method status="PASS" signature="dateTime()[pri:0, instance:humanize.time.joda.TestHumanizeMessage@39b8d6f7]" name="dateTime" duration-ms="93" started-at="2012-12-20T15:25:57Z" finished-at="2012-12-20T15:25:57Z">
        </test-method> <!-- dateTime -->
        <test-method status="PASS" signature="dateTime()[pri:0, instance:humanize.time.joda.TestHumanizeMessage@39b8d6f7]" name="dateTime" duration-ms="94" started-at="2012-12-20T15:25:57Z" finished-at="2012-12-20T15:25:57Z">
        </test-method> <!-- dateTime -->
        <test-method status="PASS" signature="dateTime()[pri:0, instance:humanize.time.joda.TestHumanizeMessage@39b8d6f7]" name="dateTime" duration-ms="93" started-at="2012-12-20T15:25:57Z" finished-at="2012-12-20T15:25:57Z">
        </test-method> <!-- dateTime -->
        <test-method status="PASS" signature="dateTime()[pri:0, instance:humanize.time.joda.TestHumanizeMessage@39b8d6f7]" name="dateTime" duration-ms="91" started-at="2012-12-20T15:25:57Z" finished-at="2012-12-20T15:25:57Z">
        </test-method> <!-- dateTime -->
        <test-method status="PASS" signature="dateTime()[pri:0, instance:humanize.time.joda.TestHumanizeMessage@39b8d6f7]" name="dateTime" duration-ms="91" started-at="2012-12-20T15:25:57Z" finished-at="2012-12-20T15:25:57Z">
        </test-method> <!-- dateTime -->
        <test-method status="PASS" signature="dateTime()[pri:0, instance:humanize.time.joda.TestHumanizeMessage@39b8d6f7]" name="dateTime" duration-ms="91" started-at="2012-12-20T15:25:57Z" finished-at="2012-12-20T15:25:57Z">
        </test-method> <!-- dateTime -->
        <test-method status="PASS" signature="dateTime()[pri:0, instance:humanize.time.joda.TestHumanizeMessage@39b8d6f7]" name="dateTime" duration-ms="90" started-at="2012-12-20T15:25:57Z" finished-at="2012-12-20T15:25:57Z">
        </test-method> <!-- dateTime -->
        <test-method status="PASS" signature="dateTime()[pri:0, instance:humanize.time.joda.TestHumanizeMessage@39b8d6f7]" name="dateTime" duration-ms="89" started-at="2012-12-20T15:25:57Z" finished-at="2012-12-20T15:25:57Z">
        </test-method> <!-- dateTime -->
        <test-method status="PASS" signature="dateTime()[pri:0, instance:humanize.time.joda.TestHumanizeMessage@39b8d6f7]" name="dateTime" duration-ms="92" started-at="2012-12-20T15:25:57Z" finished-at="2012-12-20T15:25:57Z">
        </test-method> <!-- dateTime -->
        <test-method status="PASS" signature="dateTime()[pri:0, instance:humanize.time.joda.TestHumanizeMessage@39b8d6f7]" name="dateTime" duration-ms="92" started-at="2012-12-20T15:25:57Z" finished-at="2012-12-20T15:25:57Z">
        </test-method> <!-- dateTime -->
        <test-method status="PASS" signature="period()[pri:0, instance:humanize.time.joda.TestHumanizeMessage@39b8d6f7]" name="period" duration-ms="14" started-at="2012-12-20T15:25:57Z" finished-at="2012-12-20T15:25:57Z">
        </test-method> <!-- period -->
        <test-method status="PASS" signature="period()[pri:0, instance:humanize.time.joda.TestHumanizeMessage@39b8d6f7]" name="period" duration-ms="14" started-at="2012-12-20T15:25:57Z" finished-at="2012-12-20T15:25:57Z">
        </test-method> <!-- period -->
        <test-method status="PASS" signature="period()[pri:0, instance:humanize.time.joda.TestHumanizeMessage@39b8d6f7]" name="period" duration-ms="12" started-at="2012-12-20T15:25:57Z" finished-at="2012-12-20T15:25:57Z">
        </test-method> <!-- period -->
        <test-method status="PASS" signature="period()[pri:0, instance:humanize.time.joda.TestHumanizeMessage@39b8d6f7]" name="period" duration-ms="13" started-at="2012-12-20T15:25:57Z" finished-at="2012-12-20T15:25:57Z">
        </test-method> <!-- period -->
        <test-method status="PASS" signature="period()[pri:0, instance:humanize.time.joda.TestHumanizeMessage@39b8d6f7]" name="period" duration-ms="12" started-at="2012-12-20T15:25:57Z" finished-at="2012-12-20T15:25:57Z">
        </test-method> <!-- period -->
        <test-method status="PASS" signature="period()[pri:0, instance:humanize.time.joda.TestHumanizeMessage@39b8d6f7]" name="period" duration-ms="13" started-at="2012-12-20T15:25:57Z" finished-at="2012-12-20T15:25:57Z">
        </test-method> <!-- period -->
        <test-method status="PASS" signature="period()[pri:0, instance:humanize.time.joda.TestHumanizeMessage@39b8d6f7]" name="period" duration-ms="13" started-at="2012-12-20T15:25:57Z" finished-at="2012-12-20T15:25:57Z">
        </test-method> <!-- period -->
        <test-method status="PASS" signature="period()[pri:0, instance:humanize.time.joda.TestHumanizeMessage@39b8d6f7]" name="period" duration-ms="14" started-at="2012-12-20T15:25:57Z" finished-at="2012-12-20T15:25:57Z">
        </test-method> <!-- period -->
        <test-method status="PASS" signature="period()[pri:0, instance:humanize.time.joda.TestHumanizeMessage@39b8d6f7]" name="period" duration-ms="12" started-at="2012-12-20T15:25:57Z" finished-at="2012-12-20T15:25:57Z">
        </test-method> <!-- period -->
        <test-method status="PASS" signature="period()[pri:0, instance:humanize.time.joda.TestHumanizeMessage@39b8d6f7]" name="period" duration-ms="14" started-at="2012-12-20T15:25:57Z" finished-at="2012-12-20T15:25:57Z">
        </test-method> <!-- period -->
        <test-method status="PASS" signature="tearDown()[pri:0, instance:humanize.time.joda.TestHumanizeMessage@39b8d6f7]" name="tearDown" is-config="true" duration-ms="1" started-at="2012-12-20T15:25:57Z" finished-at="2012-12-20T15:25:57Z">
        </test-method> <!-- tearDown -->
      </class> <!-- humanize.time.joda.TestHumanizeMessage -->
    </test> <!-- Command line test -->
  </suite> <!-- Command line suite -->
</testng-results>
