<?xml version="1.0" encoding="UTF-8"?>
<testng-results skipped="0" failed="0" total="21" passed="21">
  <reporter-output>
  </reporter-output>
  <suite name="Default suite" duration-ms="388" started-at="2012-12-19T21:02:29Z" finished-at="2012-12-19T21:02:30Z">
    <groups>
    </groups>
    <test name="Default test" duration-ms="388" started-at="2012-12-19T21:02:29Z" finished-at="2012-12-19T21:02:30Z">
      <class name="humanize.time.joda.TestHumanizeMessage">
        <test-method status="PASS" signature="setUp()[pri:0, instance:humanize.time.joda.TestHumanizeMessage@2bd1e730]" name="setUp" is-config="true" duration-ms="9" started-at="2012-12-19T21:02:29Z" finished-at="2012-12-19T21:02:29Z">
        </test-method>
        <test-method status="PASS" signature="boxing()[pri:0, instance:humanize.time.joda.TestHumanizeMessage@2bd1e730]" name="boxing" duration-ms="221" started-at="2012-12-19T21:02:29Z" finished-at="2012-12-19T21:02:29Z">
          <exception class="java.lang.ClassCastException">
            <message>
              <![CDATA[java.lang.String cannot be cast to org.joda.time.Period]]>
            </message>
            <full-stacktrace>
              <![CDATA[java.lang.ClassCastException: java.lang.String cannot be cast to org.joda.time.Period
	at humanize.time.joda.JodaTimeFormatProvider$JodaPeriodFormat.format(JodaTimeFormatProvider.java:135)
	at java.text.Format.format(Format.java:140)
	at java.text.MessageFormat.subformat(MessageFormat.java:1288)
	at java.text.MessageFormat.format(MessageFormat.java:836)
	at java.text.Format.format(Format.java:140)
	at humanize.spi.MessageFormat.render(MessageFormat.java:83)
	at humanize.Humanize.format(Humanize.java:594)
	at humanize.time.joda.TestHumanizeMessage.boxing(TestHumanizeMessage.java:22)
	at sun.reflect.NativeMethodAccessorImpl.invoke0(Native Method)
	at sun.reflect.NativeMethodAccessorImpl.invoke(NativeMethodAccessorImpl.java:39)
	at sun.reflect.DelegatingMethodAccessorImpl.invoke(DelegatingMethodAccessorImpl.java:25)
	at java.lang.reflect.Method.invoke(Method.java:597)
	at org.testng.internal.MethodInvocationHelper.invokeMethod(MethodInvocationHelper.java:80)
	at org.testng.internal.Invoker.invokeMethod(Invoker.java:691)
	at org.testng.internal.Invoker.invokeTestMethod(Invoker.java:883)
	at org.testng.internal.Invoker.invokeTestMethods(Invoker.java:1208)
	at org.testng.internal.TestMethodWorker.invokeTestMethods(TestMethodWorker.java:127)
	at org.testng.internal.TestMethodWorker.run(TestMethodWorker.java:111)
	at org.testng.TestRunner.privateRun(TestRunner.java:758)
	at org.testng.TestRunner.run(TestRunner.java:613)
	at org.testng.SuiteRunner.runTest(SuiteRunner.java:334)
	at org.testng.SuiteRunner.runSequentially(SuiteRunner.java:329)
	at org.testng.SuiteRunner.privateRun(SuiteRunner.java:291)
	at org.testng.SuiteRunner.run(SuiteRunner.java:240)
	at org.testng.SuiteRunnerWorker.runSuite(SuiteRunnerWorker.java:53)
	at org.testng.SuiteRunnerWorker.run(SuiteRunnerWorker.java:87)
	at org.testng.TestNG.runSuitesSequentially(TestNG.java:1142)
	at org.testng.TestNG.runSuitesLocally(TestNG.java:1067)
	at org.testng.TestNG.run(TestNG.java:979)
	at org.testng.remote.RemoteTestNG.run(RemoteTestNG.java:109)
	at org.testng.remote.RemoteTestNG.initAndRun(RemoteTestNG.java:202)
	at org.testng.remote.RemoteTestNG.main(RemoteTestNG.java:173)
]]>
            </full-stacktrace>
          </exception>
        </test-method>
        <test-method status="PASS" signature="dateTime()[pri:0, instance:humanize.time.joda.TestHumanizeMessage@2bd1e730]" name="dateTime" duration-ms="106" started-at="2012-12-19T21:02:29Z" finished-at="2012-12-19T21:02:30Z">
        </test-method>
        <test-method status="PASS" signature="dateTime()[pri:0, instance:humanize.time.joda.TestHumanizeMessage@2bd1e730]" name="dateTime" duration-ms="103" started-at="2012-12-19T21:02:29Z" finished-at="2012-12-19T21:02:30Z">
        </test-method>
        <test-method status="PASS" signature="dateTime()[pri:0, instance:humanize.time.joda.TestHumanizeMessage@2bd1e730]" name="dateTime" duration-ms="100" started-at="2012-12-19T21:02:29Z" finished-at="2012-12-19T21:02:30Z">
        </test-method>
        <test-method status="PASS" signature="dateTime()[pri:0, instance:humanize.time.joda.TestHumanizeMessage@2bd1e730]" name="dateTime" duration-ms="102" started-at="2012-12-19T21:02:29Z" finished-at="2012-12-19T21:02:30Z">
        </test-method>
        <test-method status="PASS" signature="dateTime()[pri:0, instance:humanize.time.joda.TestHumanizeMessage@2bd1e730]" name="dateTime" duration-ms="103" started-at="2012-12-19T21:02:29Z" finished-at="2012-12-19T21:02:30Z">
        </test-method>
        <test-method status="PASS" signature="dateTime()[pri:0, instance:humanize.time.joda.TestHumanizeMessage@2bd1e730]" name="dateTime" duration-ms="105" started-at="2012-12-19T21:02:29Z" finished-at="2012-12-19T21:02:30Z">
        </test-method>
        <test-method status="PASS" signature="dateTime()[pri:0, instance:humanize.time.joda.TestHumanizeMessage@2bd1e730]" name="dateTime" duration-ms="101" started-at="2012-12-19T21:02:29Z" finished-at="2012-12-19T21:02:30Z">
        </test-method>
        <test-method status="PASS" signature="dateTime()[pri:0, instance:humanize.time.joda.TestHumanizeMessage@2bd1e730]" name="dateTime" duration-ms="102" started-at="2012-12-19T21:02:29Z" finished-at="2012-12-19T21:02:30Z">
        </test-method>
        <test-method status="PASS" signature="dateTime()[pri:0, instance:humanize.time.joda.TestHumanizeMessage@2bd1e730]" name="dateTime" duration-ms="103" started-at="2012-12-19T21:02:29Z" finished-at="2012-12-19T21:02:30Z">
        </test-method>
        <test-method status="PASS" signature="dateTime()[pri:0, instance:humanize.time.joda.TestHumanizeMessage@2bd1e730]" name="dateTime" duration-ms="100" started-at="2012-12-19T21:02:29Z" finished-at="2012-12-19T21:02:30Z">
        </test-method>
        <test-method status="PASS" signature="period()[pri:0, instance:humanize.time.joda.TestHumanizeMessage@2bd1e730]" name="period" duration-ms="17" started-at="2012-12-19T21:02:30Z" finished-at="2012-12-19T21:02:30Z">
        </test-method>
        <test-method status="PASS" signature="period()[pri:0, instance:humanize.time.joda.TestHumanizeMessage@2bd1e730]" name="period" duration-ms="18" started-at="2012-12-19T21:02:30Z" finished-at="2012-12-19T21:02:30Z">
        </test-method>
        <test-method status="PASS" signature="period()[pri:0, instance:humanize.time.joda.TestHumanizeMessage@2bd1e730]" name="period" duration-ms="15" started-at="2012-12-19T21:02:30Z" finished-at="2012-12-19T21:02:30Z">
        </test-method>
        <test-method status="PASS" signature="period()[pri:0, instance:humanize.time.joda.TestHumanizeMessage@2bd1e730]" name="period" duration-ms="18" started-at="2012-12-19T21:02:30Z" finished-at="2012-12-19T21:02:30Z">
        </test-method>
        <test-method status="PASS" signature="period()[pri:0, instance:humanize.time.joda.TestHumanizeMessage@2bd1e730]" name="period" duration-ms="15" started-at="2012-12-19T21:02:30Z" finished-at="2012-12-19T21:02:30Z">
        </test-method>
        <test-method status="PASS" signature="period()[pri:0, instance:humanize.time.joda.TestHumanizeMessage@2bd1e730]" name="period" duration-ms="15" started-at="2012-12-19T21:02:30Z" finished-at="2012-12-19T21:02:30Z">
        </test-method>
        <test-method status="PASS" signature="period()[pri:0, instance:humanize.time.joda.TestHumanizeMessage@2bd1e730]" name="period" duration-ms="15" started-at="2012-12-19T21:02:30Z" finished-at="2012-12-19T21:02:30Z">
        </test-method>
        <test-method status="PASS" signature="period()[pri:0, instance:humanize.time.joda.TestHumanizeMessage@2bd1e730]" name="period" duration-ms="17" started-at="2012-12-19T21:02:30Z" finished-at="2012-12-19T21:02:30Z">
        </test-method>
        <test-method status="PASS" signature="period()[pri:0, instance:humanize.time.joda.TestHumanizeMessage@2bd1e730]" name="period" duration-ms="13" started-at="2012-12-19T21:02:30Z" finished-at="2012-12-19T21:02:30Z">
        </test-method>
        <test-method status="PASS" signature="period()[pri:0, instance:humanize.time.joda.TestHumanizeMessage@2bd1e730]" name="period" duration-ms="15" started-at="2012-12-19T21:02:30Z" finished-at="2012-12-19T21:02:30Z">
        </test-method>
        <test-method status="PASS" signature="tearDown()[pri:0, instance:humanize.time.joda.TestHumanizeMessage@2bd1e730]" name="tearDown" is-config="true" duration-ms="0" started-at="2012-12-19T21:02:30Z" finished-at="2012-12-19T21:02:30Z">
        </test-method>
      </class>
    </test>
  </suite>
</testng-results>
