<?xml version="1.0" encoding="UTF-8"?>
<!-- Generated by org.testng.reporters.JUnitXMLReporter -->
<testsuite hostname="MacBook-Pro-de-Michaux.local" name="Default test" tests="21" failures="0" timestamp="19 Dec 2012 20:02:30 GMT" time="0.388" errors="0">
  <testcase name="boxing" time="0.221" classname="humanize.time.joda.TestHumanizeMessage"/>
  <testcase name="dateTime" time="0.1" classname="humanize.time.joda.TestHumanizeMessage"/>
  <testcase name="dateTime" time="0.101" classname="humanize.time.joda.TestHumanizeMessage"/>
  <testcase name="dateTime" time="0.1" classname="humanize.time.joda.TestHumanizeMessage"/>
  <testcase name="dateTime" time="0.103" classname="humanize.time.joda.TestHumanizeMessage"/>
  <testcase name="dateTime" time="0.102" classname="humanize.time.joda.TestHumanizeMessage"/>
  <testcase name="dateTime" time="0.102" classname="humanize.time.joda.TestHumanizeMessage"/>
  <testcase name="dateTime" time="0.103" classname="humanize.time.joda.TestHumanizeMessage"/>
  <testcase name="dateTime" time="0.103" classname="humanize.time.joda.TestHumanizeMessage"/>
  <testcase name="dateTime" time="0.106" classname="humanize.time.joda.TestHumanizeMessage"/>
  <testcase name="dateTime" time="0.105" classname="humanize.time.joda.TestHumanizeMessage"/>
  <testcase name="period" time="0.013" classname="humanize.time.joda.TestHumanizeMessage"/>
  <testcase name="period" time="0.015" classname="humanize.time.joda.TestHumanizeMessage"/>
  <testcase name="period" time="0.017" classname="humanize.time.joda.TestHumanizeMessage"/>
  <testcase name="period" time="0.015" classname="humanize.time.joda.TestHumanizeMessage"/>
  <testcase name="period" time="0.015" classname="humanize.time.joda.TestHumanizeMessage"/>
  <testcase name="period" time="0.015" classname="humanize.time.joda.TestHumanizeMessage"/>
  <testcase name="period" time="0.015" classname="humanize.time.joda.TestHumanizeMessage"/>
  <testcase name="period" time="0.018" classname="humanize.time.joda.TestHumanizeMessage"/>
  <testcase name="period" time="0.018" classname="humanize.time.joda.TestHumanizeMessage"/>
  <testcase name="period" time="0.017" classname="humanize.time.joda.TestHumanizeMessage"/>
</testsuite>
